c:\windows\temp\aexam\aexda27.tmp
c:\data\development\prototypes\c++\generationship\vs13\debug\vc120.pdb
c:\data\development\prototypes\c++\generationship\vs13\debug\vc120.idb
c:\data\development\prototypes\c++\generationship\vs13\debug\main.obj
c:\windows\temp\aexam\aexdd62.tmp
c:\windows\temp\aexam\aex93f3.tmp
c:\windows\temp\aexam\aex9423.tmp
c:\windows\temp\aexam\aex58f8.tmp
c:\windows\temp\aexam\aex5937.tmp
c:\windows\temp\aexam\aexbdf0.tmp
c:\windows\temp\aexam\aexbe00.tmp
c:\windows\temp\aexam\aex9107.tmp
c:\windows\temp\aexam\aex9128.tmp
c:\windows\temp\aexam\aexe416.tmp
c:\windows\temp\aexam\aexe436.tmp
c:\windows\temp\aexam\aex3b3a.tmp
c:\windows\temp\aexam\aex3b5a.tmp
c:\windows\temp\aexam\aex5b9.tmp
c:\windows\temp\aexam\aex5c9.tmp
c:\windows\temp\aexam\aex9d85.tmp
c:\windows\temp\aexam\aexa005.tmp
c:\windows\temp\aexam\aex4c21.tmp
c:\windows\temp\aexam\aex4c3b.tmp
c:\windows\temp\aexam\aexfe69.tmp
c:\windows\temp\aexam\aexfe89.tmp
c:\windows\temp\aexam\aex5b47.tmp
c:\windows\temp\aexam\aex5b6c.tmp
c:\windows\temp\aexam\aexc697.tmp
c:\windows\temp\aexam\aexc918.tmp
c:\windows\temp\aexam\aexe2af.tmp
c:\windows\temp\aexam\aexe540.tmp
c:\windows\temp\aexam\aex2fb6.tmp
c:\windows\temp\aexam\aex2fd6.tmp
c:\windows\temp\aexam\aex3080.tmp
c:\data\development\prototypes\c++\generationship\vs13\debug\generation ship.ilk
c:\data\development\prototypes\c++\generationship\vs13\debug\generation ship.exe
c:\windows\temp\aexam\aex3265.tmp
c:\windows\temp\aexam\aex313b.tmp
c:\windows\temp\aexam\aex315c.tmp
c:\data\development\prototypes\c++\generationship\vs13\debug\generation ship.pdb
c:\data\development\prototypes\c++\generationship\vs13\debug\generation ship.tlog\cl.command.1.tlog
c:\data\development\prototypes\c++\generationship\vs13\debug\generation ship.tlog\cl.read.1.tlog
c:\data\development\prototypes\c++\generationship\vs13\debug\generation ship.tlog\cl.write.1.tlog
c:\data\development\prototypes\c++\generationship\vs13\debug\generation ship.tlog\link.command.1.tlog
c:\data\development\prototypes\c++\generationship\vs13\debug\generation ship.tlog\link.read.1.tlog
c:\data\development\prototypes\c++\generationship\vs13\debug\generation ship.tlog\link.write.1.tlog
